<?xml version="1.0" encoding="UTF-8"?>
<!-- Generated by org.testng.reporters.JUnitXMLReporter -->
<testsuite ignored="1" hostname="techcirclesMini" failures="0" tests="1" name="Default test" time="33.056" errors="0" timestamp="2023-09-11T20:15:53 EDT">
  <testcase classname="testNG_day3.TestingMyListeners" name="openBrowser" time="32.843"/>
  <testcase classname="testNG_day3.TestingMyListeners" name="test2" time="0.0">
    <ignored/>
  </testcase> <!-- test2 -->
</testsuite> <!-- Default test -->
