<?xml version="1.0" encoding="UTF-8"?>
<!-- Generated by org.testng.reporters.JUnitXMLReporter -->
<testsuite ignored="0" hostname="techcirclesMini" failures="0" tests="6" name="HelloJava" time="0.047" errors="0" timestamp="2023-09-05T21:26:48 EDT">
  <testcase classname="testNG_day1.prioritizeTests" name="loginWithInvalidUsernameInvalidPassword" time="0.001"/>
  <testcase classname="testNG_day1.prioritizeTests" name="loginWithValidUsernameValidPassword" time="0.003"/>
  <testcase classname="testNG_day1.prioritizeTests" name="loginWithValidUsernameInvalidPassword" time="0.001"/>
  <testcase classname="testNG_day1.prioritizeTests" name="loginWithInvalidEmailFormat" time="0.002"/>
  <testcase classname="testNG_day1.ignoringTests" name="test1" time="0.003"/>
  <testcase classname="testNG_day1.ignoringTests" name="test2" time="0.004"/>
</testsuite> <!-- HelloJava -->
