<?xml version="1.0" encoding="UTF-8"?>
<!-- Generated by org.testng.reporters.JUnitXMLReporter -->
<testsuite ignored="0" hostname="techcirclesMini" failures="1" tests="2" name="Test" time="29.07" errors="0" timestamp="2023-09-07T21:41:24 EDT">
  <testcase classname="testNG_day3.TestingMyListeners" name="openBrowser" time="28.949"/>
  <testcase classname="testNG_day3.TestingMyListeners" name="test2" time="0.006">
    <failure type="java.lang.AssertionError">
      <![CDATA[java.lang.AssertionError: 
at testNG_day3.TestingMyListeners.test2(TestingMyListeners.java:30)
at java.base/java.util.ArrayList.forEach(ArrayList.java:1511)
... Removed 30 stack frames]]>
    </failure>
  </testcase> <!-- test2 -->
</testsuite> <!-- Test -->
