<?xml version="1.0" encoding="UTF-8"?>
<testng-results ignored="1" total="2" passed="1" failed="0" skipped="0">
  <reporter-output>
  </reporter-output>
  <suite started-at="2023-09-11T20:15:19 EDT" name="Default suite" finished-at="2023-09-11T20:15:52 EDT" duration-ms="33056">
    <groups>
    </groups>
    <test started-at="2023-09-11T20:15:19 EDT" name="Default test" finished-at="2023-09-11T20:15:52 EDT" duration-ms="33056">
      <class name="testNG_day3.TestingMyListeners">
        <test-method signature="openBrowser()[pri:0, instance:testNG_day3.TestingMyListeners@4c9f8c13]" started-at="2023-09-11T20:15:19 EDT" name="openBrowser" finished-at="2023-09-11T20:15:52 EDT" duration-ms="32843" status="PASS">
          <reporter-output>
          </reporter-output>
        </test-method> <!-- openBrowser -->
      </class> <!-- testNG_day3.TestingMyListeners -->
    </test> <!-- Default test -->
  </suite> <!-- Default suite -->
</testng-results>
